  main.cpp
C:\Users\deanp\source\repos\DoublePendulumSFML\DoublePendulumSFML\main.cpp(96,15): warning C4244: 'initializing': conversion from 'float' to 'int', possible loss of data
C:\Users\deanp\source\repos\DoublePendulumSFML\DoublePendulumSFML\main.cpp(111,52): warning C4244: 'argument': conversion from 'float' to 'sf::Uint8', possible loss of data
C:\Users\deanp\source\repos\DoublePendulumSFML\DoublePendulumSFML\main.cpp(111,45): warning C4244: 'argument': conversion from 'float' to 'sf::Uint8', possible loss of data
C:\Users\deanp\source\repos\DoublePendulumSFML\DoublePendulumSFML\main.cpp(111,36): warning C4244: 'argument': conversion from 'float' to 'sf::Uint8', possible loss of data
C:\Users\deanp\source\repos\DoublePendulumSFML\DoublePendulumSFML\main.cpp(111,27): warning C4244: 'argument': conversion from 'float' to 'sf::Uint8', possible loss of data
C:\Users\deanp\source\repos\DoublePendulumSFML\DoublePendulumSFML\main.cpp(137,104): warning C4244: 'argument': conversion from 'long double' to 'T', possible loss of data
C:\Users\deanp\source\repos\DoublePendulumSFML\DoublePendulumSFML\main.cpp(137,104): warning C4244:         with
C:\Users\deanp\source\repos\DoublePendulumSFML\DoublePendulumSFML\main.cpp(137,104): warning C4244:         [
C:\Users\deanp\source\repos\DoublePendulumSFML\DoublePendulumSFML\main.cpp(137,104): warning C4244:             T=float
C:\Users\deanp\source\repos\DoublePendulumSFML\DoublePendulumSFML\main.cpp(137,104): warning C4244:         ]
C:\Users\deanp\source\repos\DoublePendulumSFML\DoublePendulumSFML\main.cpp(137,59): warning C4244: 'argument': conversion from 'long double' to 'T', possible loss of data
C:\Users\deanp\source\repos\DoublePendulumSFML\DoublePendulumSFML\main.cpp(137,59): warning C4244:         with
C:\Users\deanp\source\repos\DoublePendulumSFML\DoublePendulumSFML\main.cpp(137,59): warning C4244:         [
C:\Users\deanp\source\repos\DoublePendulumSFML\DoublePendulumSFML\main.cpp(137,59): warning C4244:             T=float
C:\Users\deanp\source\repos\DoublePendulumSFML\DoublePendulumSFML\main.cpp(137,59): warning C4244:         ]
C:\Users\deanp\source\repos\DoublePendulumSFML\DoublePendulumSFML\main.cpp(139,105): warning C4244: 'argument': conversion from 'long double' to 'T', possible loss of data
C:\Users\deanp\source\repos\DoublePendulumSFML\DoublePendulumSFML\main.cpp(139,105): warning C4244:         with
C:\Users\deanp\source\repos\DoublePendulumSFML\DoublePendulumSFML\main.cpp(139,105): warning C4244:         [
C:\Users\deanp\source\repos\DoublePendulumSFML\DoublePendulumSFML\main.cpp(139,105): warning C4244:             T=float
C:\Users\deanp\source\repos\DoublePendulumSFML\DoublePendulumSFML\main.cpp(139,105): warning C4244:         ]
C:\Users\deanp\source\repos\DoublePendulumSFML\DoublePendulumSFML\main.cpp(139,60): warning C4244: 'argument': conversion from 'long double' to 'T', possible loss of data
C:\Users\deanp\source\repos\DoublePendulumSFML\DoublePendulumSFML\main.cpp(139,60): warning C4244:         with
C:\Users\deanp\source\repos\DoublePendulumSFML\DoublePendulumSFML\main.cpp(139,60): warning C4244:         [
C:\Users\deanp\source\repos\DoublePendulumSFML\DoublePendulumSFML\main.cpp(139,60): warning C4244:             T=float
C:\Users\deanp\source\repos\DoublePendulumSFML\DoublePendulumSFML\main.cpp(139,60): warning C4244:         ]
  Generating code
  1 of 248 functions ( 0.4%) were compiled, the rest were copied from previous compilation.
    0 functions were new in current compilation
    0 functions had inline decision re-evaluated but remain unchanged
  Finished generating code
  DoublePendulumSFML.vcxproj -> C:\Users\deanp\source\repos\DoublePendulumSFML\x64\Release\DoublePendulumSFML.exe
